<?xml version="1.0" encoding="UTF-8"?>
<!-- Generated by org.testng.reporters.JUnitReportReporter -->
<testsuite skipped="0" hostname="USER-PC" name="com.phfi.test.Login" tests="1" failures="0" timestamp="20 Oct 2018 14:20:57 GMT" time="17.782" errors="0">
  <testcase name="Logi" time="17.782" classname="com.phfi.test.Login"/>
</testsuite> <!-- com.phfi.test.Login -->
